!SESSION 2014-09-19 15:14:51.739 -----------------------------------------------
eclipse.buildId=4.3.2.M20140221-1700
java.version=1.8.0_20
java.vendor=Oracle Corporation
BootLoader constants: OS=linux, ARCH=x86_64, WS=gtk, NL=en_US
Framework arguments:  -product org.eclipse.epp.package.java.product
Command-line arguments:  -os linux -ws gtk -arch x86_64 -product org.eclipse.epp.package.java.product

!ENTRY org.python.pydev.shared_core 1 1 2014-09-19 15:16:58.079
!MESSAGE Information about process of adding new interpreter:
- Opening dialog to request executable (or jar).
- Chosen interpreter (name and file):'Tuple [Python2.7.5 -- /home/sidney/.pythonbrew/pythons/Python-2.7.5/bin/python2.7]
- Ok, file is non-null. Getting info on:/home/sidney/.pythonbrew/pythons/Python-2.7.5/bin/python2.7
- Beggining task:Getting libs totalWork:100
- Setting task name:Mounting executable string...
- Setting task name:Executing:  /home/sidney/.pythonbrew/pythons/Python-2.7.5/bin/python2.7 -u /home/sidney/.eclipse/org.eclipse.platform_4.3.2_1473617060_linux_gtk_x86_64/plugins/org.python.pydev_3.7.1.201409021729/pysrc/interpreterInfo.py
- Setting task name:Making pythonpath environment... /home/sidney/.pythonbrew/pythons/Python-2.7.5/bin/python2.7 -u /home/sidney/.eclipse/org.eclipse.platform_4.3.2_1473617060_linux_gtk_x86_64/plugins/org.python.pydev_3.7.1.201409021729/pysrc/interpreterInfo.py
- Setting task name:Making exec... /home/sidney/.pythonbrew/pythons/Python-2.7.5/bin/python2.7 -u /home/sidney/.eclipse/org.eclipse.platform_4.3.2_1473617060_linux_gtk_x86_64/plugins/org.python.pydev_3.7.1.201409021729/pysrc/interpreterInfo.py
- Setting task name:Reading output...
- Setting task name:Waiting for process to finish.
- Success getting the info. Result:<xml>
<name>Python2.7.5</name>
<version>2.7</version>
<executable>/home/sidney/.pythonbrew/pythons/Python-2.7.5/bin/python2.7</executable>
<lib>/usr/lib/python2.7/dist-packages</lib>
<lib>/home/sidney/.pythonbrew/pythons/Python-2.7.5/lib/python2.7/site-packages</lib>
<lib>/home/sidney</lib>
<lib>/home/sidney/.pythonbrew/pythons/Python-2.7.5/lib/python2.7</lib>
<lib>/home/sidney/.pythonbrew/pythons/Python-2.7.5/lib/python2.7/plat-linux2</lib>
<lib>/home/sidney/.pythonbrew/pythons/Python-2.7.5/lib/python2.7/lib-tk</lib>
<lib>/home/sidney/.pythonbrew/pythons/Python-2.7.5/lib/python2.7/lib-dynload</lib>
<lib>/home/sidney/.pythonbrew/pythons/Python-2.7.5/lib/python2.7/site-packages/setuptools-5.8-py2.7.egg</lib>
<lib>/home/sidney/.pythonbrew/pythons/Python-2.7.5/lib/python2.7/site-packages/setuptools-5.8-py2.7.egg</lib>
<forced_lib>Image</forced_lib>
<forced_lib>OpenGL</forced_lib>
<forced_lib>__builtin__</forced_lib>
<forced_lib>__main__</forced_lib>
<forced_lib>_ast</forced_lib>
<forced_lib>_bisect</forced_lib>
<forced_lib>_bytesio</forced_lib>
<forced_lib>_codecs</forced_lib>
<forced_lib>_codecs_cn</forced_lib>
<forced_lib>_codecs_hk</forced_lib>
<forced_lib>_codecs_iso2022</forced_lib>
<forced_lib>_codecs_jp</forced_lib>
<forced_lib>_codecs_kr</forced_lib>
<forced_lib>_codecs_tw</forced_lib>
<forced_lib>_collections</forced_lib>
<forced_lib>_csv</forced_lib>
<forced_lib>_fileio</forced_lib>
<forced_lib>_functools</forced_lib>
<forced_lib>_heapq</forced_lib>
<forced_lib>_hotshot</forced_lib>
<forced_lib>_json</forced_lib>
<forced_lib>_locale</forced_lib>
<forced_lib>_lsprof</forced_lib>
<forced_lib>_md5</forced_lib>
<forced_lib>_multibytecodec</forced_lib>
<forced_lib>_random</forced_lib>
<forced_lib>_sha</forced_lib>
<forced_lib>_sha256</forced_lib>
<forced_lib>_sha512</forced_lib>
<forced_lib>_sre</forced_lib>
<forced_lib>_struct</forced_lib>
<forced_lib>_subprocess</forced_lib>
<forced_lib>_symtable</forced_lib>
<forced_lib>_warnings</forced_lib>
<forced_lib>_weakref</forced_lib>
<forced_lib>_winreg</forced_lib>
<forced_lib>array</forced_lib>
<forced_lib>audioop</forced_lib>
<forced_lib>binascii</forced_lib>
<forced_lib>cPickle</forced_lib>
<forced_lib>cStringIO</forced_lib>
<forced_lib>cmath</forced_lib>
<forced_lib>datetime</forced_lib>
<forced_lib>email</forced_lib>
<forced_lib>errno</forced_lib>
<forced_lib>exceptions</forced_lib>
<forced_lib>future_builtins</forced_lib>
<forced_lib>gc</forced_lib>
<forced_lib>hashlib</forced_lib>
<forced_lib>imageop</forced_lib>
<forced_lib>imp</forced_lib>
<forced_lib>itertools</forced_lib>
<forced_lib>marshal</forced_lib>
<forced_lib>math</forced_lib>
<forced_lib>mmap</forced_lib>
<forced_lib>msvcrt</forced_lib>
<forced_lib>nt</forced_lib>
<forced_lib>numpy</forced_lib>
<forced_lib>operator</forced_lib>
<forced_lib>os</forced_lib>
<forced_lib>os.path</forced_lib>
<forced_lib>parser</forced_lib>
<forced_lib>posix</forced_lib>
<forced_lib>pwd</forced_lib>
<forced_lib>pytest</forced_lib>
<forced_lib>scipy</forced_lib>
<forced_lib>signal</forced_lib>
<forced_lib>socket</forced_lib>
<forced_lib>strop</forced_lib>
<forced_lib>sys</forced_lib>
<forced_lib>thread</forced_lib>
<forced_lib>time</forced_lib>
<forced_lib>wx</forced_lib>
<forced_lib>wxPython</forced_lib>
<forced_lib>xxsubtype</forced_lib>
<forced_lib>zipimport</forced_lib>
<forced_lib>zlib</forced_lib>
</xml>

!STACK 0
java.lang.RuntimeException: Information about process of adding new interpreter:
- Opening dialog to request executable (or jar).
- Chosen interpreter (name and file):'Tuple [Python2.7.5 -- /home/sidney/.pythonbrew/pythons/Python-2.7.5/bin/python2.7]
- Ok, file is non-null. Getting info on:/home/sidney/.pythonbrew/pythons/Python-2.7.5/bin/python2.7
- Beggining task:Getting libs totalWork:100
- Setting task name:Mounting executable string...
- Setting task name:Executing:  /home/sidney/.pythonbrew/pythons/Python-2.7.5/bin/python2.7 -u /home/sidney/.eclipse/org.eclipse.platform_4.3.2_1473617060_linux_gtk_x86_64/plugins/org.python.pydev_3.7.1.201409021729/pysrc/interpreterInfo.py
- Setting task name:Making pythonpath environment... /home/sidney/.pythonbrew/pythons/Python-2.7.5/bin/python2.7 -u /home/sidney/.eclipse/org.eclipse.platform_4.3.2_1473617060_linux_gtk_x86_64/plugins/org.python.pydev_3.7.1.201409021729/pysrc/interpreterInfo.py
- Setting task name:Making exec... /home/sidney/.pythonbrew/pythons/Python-2.7.5/bin/python2.7 -u /home/sidney/.eclipse/org.eclipse.platform_4.3.2_1473617060_linux_gtk_x86_64/plugins/org.python.pydev_3.7.1.201409021729/pysrc/interpreterInfo.py
- Setting task name:Reading output...
- Setting task name:Waiting for process to finish.
- Success getting the info. Result:<xml>
<name>Python2.7.5</name>
<version>2.7</version>
<executable>/home/sidney/.pythonbrew/pythons/Python-2.7.5/bin/python2.7</executable>
<lib>/usr/lib/python2.7/dist-packages</lib>
<lib>/home/sidney/.pythonbrew/pythons/Python-2.7.5/lib/python2.7/site-packages</lib>
<lib>/home/sidney</lib>
<lib>/home/sidney/.pythonbrew/pythons/Python-2.7.5/lib/python2.7</lib>
<lib>/home/sidney/.pythonbrew/pythons/Python-2.7.5/lib/python2.7/plat-linux2</lib>
<lib>/home/sidney/.pythonbrew/pythons/Python-2.7.5/lib/python2.7/lib-tk</lib>
<lib>/home/sidney/.pythonbrew/pythons/Python-2.7.5/lib/python2.7/lib-dynload</lib>
<lib>/home/sidney/.pythonbrew/pythons/Python-2.7.5/lib/python2.7/site-packages/setuptools-5.8-py2.7.egg</lib>
<lib>/home/sidney/.pythonbrew/pythons/Python-2.7.5/lib/python2.7/site-packages/setuptools-5.8-py2.7.egg</lib>
<forced_lib>Image</forced_lib>
<forced_lib>OpenGL</forced_lib>
<forced_lib>__builtin__</forced_lib>
<forced_lib>__main__</forced_lib>
<forced_lib>_ast</forced_lib>
<forced_lib>_bisect</forced_lib>
<forced_lib>_bytesio</forced_lib>
<forced_lib>_codecs</forced_lib>
<forced_lib>_codecs_cn</forced_lib>
<forced_lib>_codecs_hk</forced_lib>
<forced_lib>_codecs_iso2022</forced_lib>
<forced_lib>_codecs_jp</forced_lib>
<forced_lib>_codecs_kr</forced_lib>
<forced_lib>_codecs_tw</forced_lib>
<forced_lib>_collections</forced_lib>
<forced_lib>_csv</forced_lib>
<forced_lib>_fileio</forced_lib>
<forced_lib>_functools</forced_lib>
<forced_lib>_heapq</forced_lib>
<forced_lib>_hotshot</forced_lib>
<forced_lib>_json</forced_lib>
<forced_lib>_locale</forced_lib>
<forced_lib>_lsprof</forced_lib>
<forced_lib>_md5</forced_lib>
<forced_lib>_multibytecodec</forced_lib>
<forced_lib>_random</forced_lib>
<forced_lib>_sha</forced_lib>
<forced_lib>_sha256</forced_lib>
<forced_lib>_sha512</forced_lib>
<forced_lib>_sre</forced_lib>
<forced_lib>_struct</forced_lib>
<forced_lib>_subprocess</forced_lib>
<forced_lib>_symtable</forced_lib>
<forced_lib>_warnings</forced_lib>
<forced_lib>_weakref</forced_lib>
<forced_lib>_winreg</forced_lib>
<forced_lib>array</forced_lib>
<forced_lib>audioop</forced_lib>
<forced_lib>binascii</forced_lib>
<forced_lib>cPickle</forced_lib>
<forced_lib>cStringIO</forced_lib>
<forced_lib>cmath</forced_lib>
<forced_lib>datetime</forced_lib>
<forced_lib>email</forced_lib>
<forced_lib>errno</forced_lib>
<forced_lib>exceptions</forced_lib>
<forced_lib>future_builtins</forced_lib>
<forced_lib>gc</forced_lib>
<forced_lib>hashlib</forced_lib>
<forced_lib>imageop</forced_lib>
<forced_lib>imp</forced_lib>
<forced_lib>itertools</forced_lib>
<forced_lib>marshal</forced_lib>
<forced_lib>math</forced_lib>
<forced_lib>mmap</forced_lib>
<forced_lib>msvcrt</forced_lib>
<forced_lib>nt</forced_lib>
<forced_lib>numpy</forced_lib>
<forced_lib>operator</forced_lib>
<forced_lib>os</forced_lib>
<forced_lib>os.path</forced_lib>
<forced_lib>parser</forced_lib>
<forced_lib>posix</forced_lib>
<forced_lib>pwd</forced_lib>
<forced_lib>pytest</forced_lib>
<forced_lib>scipy</forced_lib>
<forced_lib>signal</forced_lib>
<forced_lib>socket</forced_lib>
<forced_lib>strop</forced_lib>
<forced_lib>sys</forced_lib>
<forced_lib>thread</forced_lib>
<forced_lib>time</forced_lib>
<forced_lib>wx</forced_lib>
<forced_lib>wxPython</forced_lib>
<forced_lib>xxsubtype</forced_lib>
<forced_lib>zipimport</forced_lib>
<forced_lib>zlib</forced_lib>
</xml>

	at org.python.pydev.core.log.Log.logInfo(Log.java:66)
	at org.python.pydev.ui.pythonpathconf.AbstractInterpreterEditor.getNewInputObject(AbstractInterpreterEditor.java:977)
	at org.python.copiedfromeclipsesrc.PythonListEditor.addPressed(PythonListEditor.java:132)
	at org.python.copiedfromeclipsesrc.PythonListEditor$1.widgetSelected(PythonListEditor.java:223)
	at org.eclipse.swt.widgets.TypedListener.handleEvent(TypedListener.java:248)
	at org.eclipse.swt.widgets.EventTable.sendEvent(EventTable.java:84)
	at org.eclipse.swt.widgets.Widget.sendEvent(Widget.java:1392)
	at org.eclipse.swt.widgets.Display.runDeferredEvents(Display.java:3742)
	at org.eclipse.swt.widgets.Display.readAndDispatch(Display.java:3363)
	at org.eclipse.jface.window.Window.runEventLoop(Window.java:826)
	at org.eclipse.jface.window.Window.open(Window.java:802)
	at org.eclipse.ui.internal.dialogs.WorkbenchPreferenceDialog.open(WorkbenchPreferenceDialog.java:215)
	at org.eclipse.ui.internal.OpenPreferencesAction.run(OpenPreferencesAction.java:65)
	at org.eclipse.jface.action.Action.runWithEvent(Action.java:499)
	at org.eclipse.jface.action.ActionContributionItem.handleWidgetSelection(ActionContributionItem.java:584)
	at org.eclipse.jface.action.ActionContributionItem.access$2(ActionContributionItem.java:501)
	at org.eclipse.jface.action.ActionContributionItem$5.handleEvent(ActionContributionItem.java:411)
	at org.eclipse.swt.widgets.EventTable.sendEvent(EventTable.java:84)
	at org.eclipse.swt.widgets.Widget.sendEvent(Widget.java:1392)
	at org.eclipse.swt.widgets.Display.runDeferredEvents(Display.java:3742)
	at org.eclipse.swt.widgets.Display.readAndDispatch(Display.java:3363)
	at org.eclipse.e4.ui.internal.workbench.swt.PartRenderingEngine$9.run(PartRenderingEngine.java:1113)
	at org.eclipse.core.databinding.observable.Realm.runWithDefault(Realm.java:332)
	at org.eclipse.e4.ui.internal.workbench.swt.PartRenderingEngine.run(PartRenderingEngine.java:997)
	at org.eclipse.e4.ui.internal.workbench.E4Workbench.createAndRunUI(E4Workbench.java:140)
	at org.eclipse.ui.internal.Workbench$5.run(Workbench.java:611)
	at org.eclipse.core.databinding.observable.Realm.runWithDefault(Realm.java:332)
	at org.eclipse.ui.internal.Workbench.createAndRunWorkbench(Workbench.java:567)
	at org.eclipse.ui.PlatformUI.createAndRunWorkbench(PlatformUI.java:150)
	at org.eclipse.ui.internal.ide.application.IDEApplication.start(IDEApplication.java:124)
	at org.eclipse.equinox.internal.app.EclipseAppHandle.run(EclipseAppHandle.java:196)
	at org.eclipse.core.runtime.internal.adaptor.EclipseAppLauncher.runApplication(EclipseAppLauncher.java:110)
	at org.eclipse.core.runtime.internal.adaptor.EclipseAppLauncher.start(EclipseAppLauncher.java:79)
	at org.eclipse.core.runtime.adaptor.EclipseStarter.run(EclipseStarter.java:354)
	at org.eclipse.core.runtime.adaptor.EclipseStarter.run(EclipseStarter.java:181)
	at sun.reflect.NativeMethodAccessorImpl.invoke0(Native Method)
	at sun.reflect.NativeMethodAccessorImpl.invoke(NativeMethodAccessorImpl.java:62)
	at sun.reflect.DelegatingMethodAccessorImpl.invoke(DelegatingMethodAccessorImpl.java:43)
	at java.lang.reflect.Method.invoke(Method.java:483)
	at org.eclipse.equinox.launcher.Main.invokeFramework(Main.java:636)
	at org.eclipse.equinox.launcher.Main.basicRun(Main.java:591)
	at org.eclipse.equinox.launcher.Main.run(Main.java:1450)
	at org.eclipse.equinox.launcher.Main.main(Main.java:1426)

!ENTRY org.python.pydev.shared_core 1 1 2014-09-19 15:17:03.588
!MESSAGE Restoring info for: /home/sidney/.pythonbrew/pythons/Python-2.7.5/bin/python2.7
!STACK 0
java.lang.RuntimeException: Restoring info for: /home/sidney/.pythonbrew/pythons/Python-2.7.5/bin/python2.7
	at org.python.pydev.ui.interpreters.AbstractInterpreterManager.getInterpretersFromPersistedString(AbstractInterpreterManager.java:517)
	at org.python.pydev.ui.interpreters.AbstractInterpreterManager.internalRecreateCacheGetInterpreterInfos(AbstractInterpreterManager.java:337)
	at org.python.pydev.ui.interpreters.AbstractInterpreterManager.setInfos(AbstractInterpreterManager.java:641)
	at org.python.pydev.ui.pythonpathconf.AbstractInterpreterPreferencesPage$3.run(AbstractInterpreterPreferencesPage.java:262)
	at org.eclipse.jface.operation.ModalContext$ModalContextThread.run(ModalContext.java:121)
Caused by: java.io.IOException: Expecting: /home/sidney/Metabolic/PythonDjango/workspace/.metadata/.plugins/org.python.pydev/v1_258mpj3nc7mhixpg0e5i8mzlm/modulesKeys to exist (and be a file).
	at org.python.pydev.editor.codecompletion.revisited.ModulesManager.loadFromFile(ModulesManager.java:288)
	at org.python.pydev.editor.codecompletion.revisited.SystemModulesManager.load(SystemModulesManager.java:371)
	at org.python.pydev.ui.interpreters.AbstractInterpreterManager.getInterpretersFromPersistedString(AbstractInterpreterManager.java:515)
	... 4 more

!ENTRY org.python.pydev.shared_core 1 1 2014-09-19 15:17:04.456
!MESSAGE Finished restoring information for: /home/sidney/.pythonbrew/pythons/Python-2.7.5/bin/python2.7 at: /home/sidney/Metabolic/PythonDjango/workspace/.metadata/.plugins/org.python.pydev/v1_258mpj3nc7mhixpg0e5i8mzlm
!STACK 0
java.lang.RuntimeException: Finished restoring information for: /home/sidney/.pythonbrew/pythons/Python-2.7.5/bin/python2.7 at: /home/sidney/Metabolic/PythonDjango/workspace/.metadata/.plugins/org.python.pydev/v1_258mpj3nc7mhixpg0e5i8mzlm
	at org.python.pydev.core.log.Log.logInfo(Log.java:66)
	at org.python.pydev.ui.interpreters.AbstractInterpreterManager.getInterpretersFromPersistedString(AbstractInterpreterManager.java:562)
	at org.python.pydev.ui.interpreters.AbstractInterpreterManager.internalRecreateCacheGetInterpreterInfos(AbstractInterpreterManager.java:337)
	at org.python.pydev.ui.interpreters.AbstractInterpreterManager.setInfos(AbstractInterpreterManager.java:641)
	at org.python.pydev.ui.pythonpathconf.AbstractInterpreterPreferencesPage$3.run(AbstractInterpreterPreferencesPage.java:262)
	at org.eclipse.jface.operation.ModalContext$ModalContextThread.run(ModalContext.java:121)

!ENTRY org.python.pydev.shared_core 4 4 2014-09-19 15:17:04.965
!MESSAGE Info: Rebuilding internal caches: /home/sidney/Metabolic/PythonDjango/workspace/.metadata/.plugins/com.python.pydev.analysis/python_v1_258mpj3nc7mhixpg0e5i8mzlm/python.pydevsysteminfo (Expected error to be provided and got no error!)
!SESSION 2014-09-19 15:17:25.658 -----------------------------------------------
eclipse.buildId=4.3.2.M20140221-1700
java.version=1.8.0_20
java.vendor=Oracle Corporation
BootLoader constants: OS=linux, ARCH=x86_64, WS=gtk, NL=en_US
Framework arguments:  -product org.eclipse.epp.package.java.product
Command-line arguments:  -os linux -ws gtk -arch x86_64 -product org.eclipse.epp.package.java.product

!ENTRY org.python.pydev.shared_core 4 4 2014-09-19 15:18:21.854
!MESSAGE ERROR reading shell.
ProcessInfo:

 - Executed: /home/sidney/.pythonbrew/pythons/Python-2.7.5/bin/python2.7 -u /home/sidney/.eclipse/org.eclipse.platform_4.3.2_1473617060_linux_gtk_x86_64/plugins/org.python.pydev_3.7.1.201409021729/pysrc/pycompletionserver.py 49490

 - Environment:
CATALINA_HOME=/home/sidney/Software/apache-tomcat-8.0.8
CLUTTER_IM_MODULE=xim
COLORTERM=gnome-terminal
COMPIZ_CONFIG_PROFILE=ubuntu
DBUS_SESSION_BUS_ADDRESS=unix:abstract=/tmp/dbus-YJeTjGMEHq
DEFAULTS_PATH=/usr/share/gconf/ubuntu.default.path
DESKTOP_SESSION=ubuntu
DISPLAY=:0
ECLIPSE_HOME=/opt/eclipse
GDMSESSION=ubuntu
GDM_LANG=en_US
GNOME_DESKTOP_SESSION_ID=this-is-deprecated
GNOME_KEYRING_CONTROL=/run/user/1000/keyring-tMmcuu
GNOME_KEYRING_PID=1660
GPG_AGENT_INFO=/run/user/1000/keyring-tMmcuu/gpg:0:1
GTK_IM_MODULE=ibus
GTK_MODULES=overlay-scrollbar:unity-gtk-module
HOME=/home/sidney
IM_CONFIG_PHASE=1
INSTANCE=Unity
JAVA_HOME=/usr/lib/jvm/java-8-oracle
JOB=gnome-session
LANG=en_US.UTF-8
LANGUAGE=en_US
LESSCLOSE=/usr/bin/lesspipe %s %s
LESSOPEN=| /usr/bin/lesspipe %s
LOGNAME=sidney
LS_COLORS=rs=0:di=01;34:ln=01;36:mh=00:pi=40;33:so=01;35:do=01;35:bd=40;33;01:cd=40;33;01:or=40;31;01:su=37;41:sg=30;43:ca=30;41:tw=30;42:ow=34;42:st=37;44:ex=01;32:*.tar=01;31:*.tgz=01;31:*.arj=01;31:*.taz=01;31:*.lzh=01;31:*.lzma=01;31:*.tlz=01;31:*.txz=01;31:*.zip=01;31:*.z=01;31:*.Z=01;31:*.dz=01;31:*.gz=01;31:*.lz=01;31:*.xz=01;31:*.bz2=01;31:*.bz=01;31:*.tbz=01;31:*.tbz2=01;31:*.tz=01;31:*.deb=01;31:*.rpm=01;31:*.jar=01;31:*.war=01;31:*.ear=01;31:*.sar=01;31:*.rar=01;31:*.ace=01;31:*.zoo=01;31:*.cpio=01;31:*.7z=01;31:*.rz=01;31:*.jpg=01;35:*.jpeg=01;35:*.gif=01;35:*.bmp=01;35:*.pbm=01;35:*.pgm=01;35:*.ppm=01;35:*.tga=01;35:*.xbm=01;35:*.xpm=01;35:*.tif=01;35:*.tiff=01;35:*.png=01;35:*.svg=01;35:*.svgz=01;35:*.mng=01;35:*.pcx=01;35:*.mov=01;35:*.mpg=01;35:*.mpeg=01;35:*.m2v=01;35:*.mkv=01;35:*.webm=01;35:*.ogm=01;35:*.mp4=01;35:*.m4v=01;35:*.mp4v=01;35:*.vob=01;35:*.qt=01;35:*.nuv=01;35:*.wmv=01;35:*.asf=01;35:*.rm=01;35:*.rmvb=01;35:*.flc=01;35:*.avi=01;35:*.fli=01;35:*.flv=01;35:*.gl=01;35:*.dl=01;35:*.xcf=01;35:*.xwd=01;35:*.yuv=01;35:*.cgm=01;35:*.emf=01;35:*.axv=01;35:*.anx=01;35:*.ogv=01;35:*.ogx=01;35:*.aac=00;36:*.au=00;36:*.flac=00;36:*.mid=00;36:*.midi=00;36:*.mka=00;36:*.mp3=00;36:*.mpc=00;36:*.ogg=00;36:*.ra=00;36:*.wav=00;36:*.axa=00;36:*.oga=00;36:*.spx=00;36:*.xspf=00;36:
M2=/home/sidney/Software/apache-maven-3.2.1/bin
M2_HOME=/home/sidney/Software/apache-maven-3.2.1
MANDATORY_PATH=/usr/share/gconf/ubuntu.mandatory.path
NLSPATH=/usr/dt/lib/nls/msg/%L/%N.cat
OLDPWD=/home/sidney/Software
PATH=/home/sidney/.pythonbrew/bin:/home/sidney/.pythonbrew/pythons/Python-2.7.5/bin:/home/sidney/Software/apache-maven-3.2.1/bin:/usr/local/sbin:/usr/local/bin:/usr/sbin:/usr/bin:/sbin:/bin:/usr/games:/usr/local/games:/usr/lib/jvm/java-8-oracle/bin:/usr/local/tpp/bin
PWD=/home/sidney
PYTHONPATH=/home/sidney/.eclipse/org.eclipse.platform_4.3.2_1473617060_linux_gtk_x86_64/plugins/org.python.pydev_3.7.1.201409021729/pysrc/pydev_sitecustomize:/usr/lib/python2.7/dist-packages:/home/sidney/.pythonbrew/pythons/Python-2.7.5/lib/python2.7/site-packages:/home/sidney:/home/sidney/.pythonbrew/pythons/Python-2.7.5/lib/python2.7:/home/sidney/.pythonbrew/pythons/Python-2.7.5/lib/python2.7/plat-linux2:/home/sidney/.pythonbrew/pythons/Python-2.7.5/lib/python2.7/lib-tk:/home/sidney/.pythonbrew/pythons/Python-2.7.5/lib/python2.7/lib-dynload:/home/sidney/.pythonbrew/pythons/Python-2.7.5/lib/python2.7/site-packages/setuptools-5.8-py2.7.egg:/home/sidney/.pythonbrew/pythons/Python-2.7.5/lib/python2.7/site-packages/setuptools-5.8-py2.7.egg
QT4_IM_MODULE=xim
QT_IM_MODULE=ibus
QT_QPA_PLATFORMTHEME=appmenu-qt5
SELINUX_INIT=YES
SESSIONTYPE=gnome-session
SHELL=/bin/bash
SHLVL=1
SSH_AGENT_LAUNCHER=upstart
SSH_AGENT_PID=1727
SSH_AUTH_SOCK=/run/user/1000/keyring-tMmcuu/ssh
TERM=xterm
TEXTDOMAIN=im-config
TEXTDOMAINDIR=/usr/share/locale/
TPP=/usr/local/tpp/bin
UBUNTU_MENUPROXY=1
UPSTART_EVENTS=started starting
UPSTART_INSTANCE=
UPSTART_JOB=unity-settings-daemon
UPSTART_SESSION=unix:abstract=/com/ubuntu/upstart-session/1000/1662
USER=sidney
VTE_VERSION=3409
WINDOWID=65011724
XAUTHORITY=/home/sidney/.Xauthority
XDG_CONFIG_DIRS=/etc/xdg/xdg-ubuntu:/usr/share/upstart/xdg:/etc/xdg
XDG_CURRENT_DESKTOP=Unity
XDG_DATA_DIRS=/usr/share/ubuntu:/usr/share/gnome:/usr/local/share/:/usr/share/
XDG_GREETER_DATA_DIR=/var/lib/lightdm-data/sidney
XDG_RUNTIME_DIR=/run/user/1000
XDG_SEAT=seat0
XDG_SEAT_PATH=/org/freedesktop/DisplayManager/Seat0
XDG_SESSION_ID=c2
XDG_SESSION_PATH=/org/freedesktop/DisplayManager/Session0
XDG_VTNR=7
XFILESEARCHPATH=/usr/dt/app-defaults/%L/Dt
XMODIFIERS=@im=ibus
_=/usr/bin/eclipse

 - Working Dir:
/home/sidney/.eclipse/org.eclipse.platform_4.3.2_1473617060_linux_gtk_x86_64/plugins/org.python.pydev_3.7.1.201409021729/pysrc

 - OS:
Linux

 - Std output:


 - Err output:

!STACK 0
java.lang.StringIndexOutOfBoundsException: String index out of range: -1
	at java.lang.String.checkBounds(String.java:369)
	at java.lang.String.<init>(String.java:533)
	at org.python.pydev.editor.codecompletion.shell.AbstractShell.read(AbstractShell.java:459)
	at org.python.pydev.editor.codecompletion.shell.AbstractShell.read(AbstractShell.java:506)
	at org.python.pydev.editor.codecompletion.shell.AbstractShell.writeAndGetResults(AbstractShell.java:692)
	at org.python.pydev.editor.codecompletion.shell.AbstractShell.getImportCompletions(AbstractShell.java:756)
	at org.python.pydev.editor.codecompletion.revisited.modules.CompiledModule.createTokensFromServer(CompiledModule.java:362)
	at org.python.pydev.editor.codecompletion.revisited.modules.CompiledModule.<init>(CompiledModule.java:167)
	at org.python.pydev.editor.codecompletion.revisited.modules.AbstractModule.createModule(AbstractModule.java:275)
	at org.python.pydev.editor.codecompletion.revisited.ModulesManager.getModule(ModulesManager.java:917)
	at org.python.pydev.editor.codecompletion.revisited.ModulesManager.getModule(ModulesManager.java:765)
	at org.python.pydev.editor.codecompletion.revisited.SystemModulesManager.getModule(SystemModulesManager.java:353)
	at com.python.pydev.analysis.additionalinfo.AbstractAdditionalDependencyInfo.updateKeysIfNeededAndSave(AbstractAdditionalDependencyInfo.java:236)
	at com.python.pydev.analysis.system_info_builder.InterpreterInfoBuilder.synchInfoToPythonPath(InterpreterInfoBuilder.java:108)
	at org.python.pydev.editor.codecompletion.revisited.SynchSystemModulesManager.synchronizeManagerToNameToInfoPythonpath(SynchSystemModulesManager.java:391)
	at org.python.pydev.editor.codecompletion.revisited.SyncSystemModulesManagerScheduler$SynchJob.run(SyncSystemModulesManagerScheduler.java:260)
	at org.eclipse.core.internal.jobs.Worker.run(Worker.java:53)

!ENTRY org.python.pydev.shared_core 4 4 2014-09-19 15:18:25.429
!MESSAGE ERROR reading shell.
ProcessInfo:

 - Executed: /home/sidney/.pythonbrew/pythons/Python-2.7.5/bin/python2.7 -u /home/sidney/.eclipse/org.eclipse.platform_4.3.2_1473617060_linux_gtk_x86_64/plugins/org.python.pydev_3.7.1.201409021729/pysrc/pycompletionserver.py 49351

 - Environment:
CATALINA_HOME=/home/sidney/Software/apache-tomcat-8.0.8
CLUTTER_IM_MODULE=xim
COLORTERM=gnome-terminal
COMPIZ_CONFIG_PROFILE=ubuntu
DBUS_SESSION_BUS_ADDRESS=unix:abstract=/tmp/dbus-YJeTjGMEHq
DEFAULTS_PATH=/usr/share/gconf/ubuntu.default.path
DESKTOP_SESSION=ubuntu
DISPLAY=:0
ECLIPSE_HOME=/opt/eclipse
GDMSESSION=ubuntu
GDM_LANG=en_US
GNOME_DESKTOP_SESSION_ID=this-is-deprecated
GNOME_KEYRING_CONTROL=/run/user/1000/keyring-tMmcuu
GNOME_KEYRING_PID=1660
GPG_AGENT_INFO=/run/user/1000/keyring-tMmcuu/gpg:0:1
GTK_IM_MODULE=ibus
GTK_MODULES=overlay-scrollbar:unity-gtk-module
HOME=/home/sidney
IM_CONFIG_PHASE=1
INSTANCE=Unity
JAVA_HOME=/usr/lib/jvm/java-8-oracle
JOB=gnome-session
LANG=en_US.UTF-8
LANGUAGE=en_US
LESSCLOSE=/usr/bin/lesspipe %s %s
LESSOPEN=| /usr/bin/lesspipe %s
LOGNAME=sidney
LS_COLORS=rs=0:di=01;34:ln=01;36:mh=00:pi=40;33:so=01;35:do=01;35:bd=40;33;01:cd=40;33;01:or=40;31;01:su=37;41:sg=30;43:ca=30;41:tw=30;42:ow=34;42:st=37;44:ex=01;32:*.tar=01;31:*.tgz=01;31:*.arj=01;31:*.taz=01;31:*.lzh=01;31:*.lzma=01;31:*.tlz=01;31:*.txz=01;31:*.zip=01;31:*.z=01;31:*.Z=01;31:*.dz=01;31:*.gz=01;31:*.lz=01;31:*.xz=01;31:*.bz2=01;31:*.bz=01;31:*.tbz=01;31:*.tbz2=01;31:*.tz=01;31:*.deb=01;31:*.rpm=01;31:*.jar=01;31:*.war=01;31:*.ear=01;31:*.sar=01;31:*.rar=01;31:*.ace=01;31:*.zoo=01;31:*.cpio=01;31:*.7z=01;31:*.rz=01;31:*.jpg=01;35:*.jpeg=01;35:*.gif=01;35:*.bmp=01;35:*.pbm=01;35:*.pgm=01;35:*.ppm=01;35:*.tga=01;35:*.xbm=01;35:*.xpm=01;35:*.tif=01;35:*.tiff=01;35:*.png=01;35:*.svg=01;35:*.svgz=01;35:*.mng=01;35:*.pcx=01;35:*.mov=01;35:*.mpg=01;35:*.mpeg=01;35:*.m2v=01;35:*.mkv=01;35:*.webm=01;35:*.ogm=01;35:*.mp4=01;35:*.m4v=01;35:*.mp4v=01;35:*.vob=01;35:*.qt=01;35:*.nuv=01;35:*.wmv=01;35:*.asf=01;35:*.rm=01;35:*.rmvb=01;35:*.flc=01;35:*.avi=01;35:*.fli=01;35:*.flv=01;35:*.gl=01;35:*.dl=01;35:*.xcf=01;35:*.xwd=01;35:*.yuv=01;35:*.cgm=01;35:*.emf=01;35:*.axv=01;35:*.anx=01;35:*.ogv=01;35:*.ogx=01;35:*.aac=00;36:*.au=00;36:*.flac=00;36:*.mid=00;36:*.midi=00;36:*.mka=00;36:*.mp3=00;36:*.mpc=00;36:*.ogg=00;36:*.ra=00;36:*.wav=00;36:*.axa=00;36:*.oga=00;36:*.spx=00;36:*.xspf=00;36:
M2=/home/sidney/Software/apache-maven-3.2.1/bin
M2_HOME=/home/sidney/Software/apache-maven-3.2.1
MANDATORY_PATH=/usr/share/gconf/ubuntu.mandatory.path
NLSPATH=/usr/dt/lib/nls/msg/%L/%N.cat
OLDPWD=/home/sidney/Software
PATH=/home/sidney/.pythonbrew/bin:/home/sidney/.pythonbrew/pythons/Python-2.7.5/bin:/home/sidney/Software/apache-maven-3.2.1/bin:/usr/local/sbin:/usr/local/bin:/usr/sbin:/usr/bin:/sbin:/bin:/usr/games:/usr/local/games:/usr/lib/jvm/java-8-oracle/bin:/usr/local/tpp/bin
PWD=/home/sidney
PYTHONPATH=/home/sidney/.eclipse/org.eclipse.platform_4.3.2_1473617060_linux_gtk_x86_64/plugins/org.python.pydev_3.7.1.201409021729/pysrc/pydev_sitecustomize:/usr/lib/python2.7/dist-packages:/home/sidney/.pythonbrew/pythons/Python-2.7.5/lib/python2.7/site-packages:/home/sidney:/home/sidney/.pythonbrew/pythons/Python-2.7.5/lib/python2.7:/home/sidney/.pythonbrew/pythons/Python-2.7.5/lib/python2.7/plat-linux2:/home/sidney/.pythonbrew/pythons/Python-2.7.5/lib/python2.7/lib-tk:/home/sidney/.pythonbrew/pythons/Python-2.7.5/lib/python2.7/lib-dynload:/home/sidney/.pythonbrew/pythons/Python-2.7.5/lib/python2.7/site-packages/setuptools-5.8-py2.7.egg:/home/sidney/.pythonbrew/pythons/Python-2.7.5/lib/python2.7/site-packages/setuptools-5.8-py2.7.egg
QT4_IM_MODULE=xim
QT_IM_MODULE=ibus
QT_QPA_PLATFORMTHEME=appmenu-qt5
SELINUX_INIT=YES
SESSIONTYPE=gnome-session
SHELL=/bin/bash
SHLVL=1
SSH_AGENT_LAUNCHER=upstart
SSH_AGENT_PID=1727
SSH_AUTH_SOCK=/run/user/1000/keyring-tMmcuu/ssh
TERM=xterm
TEXTDOMAIN=im-config
TEXTDOMAINDIR=/usr/share/locale/
TPP=/usr/local/tpp/bin
UBUNTU_MENUPROXY=1
UPSTART_EVENTS=started starting
UPSTART_INSTANCE=
UPSTART_JOB=unity-settings-daemon
UPSTART_SESSION=unix:abstract=/com/ubuntu/upstart-session/1000/1662
USER=sidney
VTE_VERSION=3409
WINDOWID=65011724
XAUTHORITY=/home/sidney/.Xauthority
XDG_CONFIG_DIRS=/etc/xdg/xdg-ubuntu:/usr/share/upstart/xdg:/etc/xdg
XDG_CURRENT_DESKTOP=Unity
XDG_DATA_DIRS=/usr/share/ubuntu:/usr/share/gnome:/usr/local/share/:/usr/share/
XDG_GREETER_DATA_DIR=/var/lib/lightdm-data/sidney
XDG_RUNTIME_DIR=/run/user/1000
XDG_SEAT=seat0
XDG_SEAT_PATH=/org/freedesktop/DisplayManager/Seat0
XDG_SESSION_ID=c2
XDG_SESSION_PATH=/org/freedesktop/DisplayManager/Session0
XDG_VTNR=7
XFILESEARCHPATH=/usr/dt/app-defaults/%L/Dt
XMODIFIERS=@im=ibus
_=/usr/bin/eclipse

 - Working Dir:
/home/sidney/.eclipse/org.eclipse.platform_4.3.2_1473617060_linux_gtk_x86_64/plugins/org.python.pydev_3.7.1.201409021729/pysrc

 - OS:
Linux

 - Std output:


 - Err output:

!STACK 0
java.lang.StringIndexOutOfBoundsException: String index out of range: -1
	at java.lang.String.checkBounds(String.java:369)
	at java.lang.String.<init>(String.java:533)
	at org.python.pydev.editor.codecompletion.shell.AbstractShell.read(AbstractShell.java:459)
	at org.python.pydev.editor.codecompletion.shell.AbstractShell.read(AbstractShell.java:506)
	at org.python.pydev.editor.codecompletion.shell.AbstractShell.writeAndGetResults(AbstractShell.java:692)
	at org.python.pydev.editor.codecompletion.shell.AbstractShell.getImportCompletions(AbstractShell.java:756)
	at org.python.pydev.editor.codecompletion.revisited.modules.CompiledModule.createTokensFromServer(CompiledModule.java:362)
	at org.python.pydev.editor.codecompletion.revisited.modules.CompiledModule.<init>(CompiledModule.java:167)
	at org.python.pydev.editor.codecompletion.revisited.modules.AbstractModule.createModule(AbstractModule.java:275)
	at org.python.pydev.editor.codecompletion.revisited.ModulesManager.getModule(ModulesManager.java:917)
	at org.python.pydev.editor.codecompletion.revisited.ModulesManager.getModule(ModulesManager.java:765)
	at org.python.pydev.editor.codecompletion.revisited.SystemModulesManager.getModule(SystemModulesManager.java:353)
	at com.python.pydev.analysis.additionalinfo.AbstractAdditionalDependencyInfo.updateKeysIfNeededAndSave(AbstractAdditionalDependencyInfo.java:236)
	at com.python.pydev.analysis.system_info_builder.InterpreterInfoBuilder.synchInfoToPythonPath(InterpreterInfoBuilder.java:108)
	at org.python.pydev.editor.codecompletion.revisited.SynchSystemModulesManager.synchronizeManagerToNameToInfoPythonpath(SynchSystemModulesManager.java:391)
	at org.python.pydev.editor.codecompletion.revisited.SyncSystemModulesManagerScheduler$SynchJob.run(SyncSystemModulesManagerScheduler.java:260)
	at org.eclipse.core.internal.jobs.Worker.run(Worker.java:53)

!ENTRY org.python.pydev.shared_core 4 4 2014-09-19 15:21:22.834
!MESSAGE Info: Rebuilding internal caches: /home/sidney/Metabolic/PythonDjango/workspace/.metadata/.plugins/org.eclipse.core.resources/.projects/PythonDJTest/com.python.pydev.analysis/AdditionalProjectInterpreterInfo.pydevinfo (Expected error to be provided and got no error!)

!ENTRY org.python.pydev.shared_core 1 1 2014-09-19 15:22:47.685
!MESSAGE Not saving ast manager for: P/PythonDJTest. No write area available.
